2019-07-04 16:57:38,093 [Worker-1: Loading available Gradle versions] INFO  o.e.b.c.i.u.g.PublishedGradleVersions - Gradle version information cache is not available. Remote download required.
2019-09-19 14:39:05,142 [Worker-3: Loading available Gradle versions] INFO  o.e.b.c.i.u.g.PublishedGradleVersions - Gradle version information cache is out-of-date. Trying to update.
2019-09-26 16:03:32,975 [Worker-0: Loading available Gradle versions] INFO  o.e.b.c.i.u.g.PublishedGradleVersions - Gradle version information cache is out-of-date. Trying to update.
2019-10-16 19:53:53,724 [Worker-2: Loading available Gradle versions] INFO  o.e.b.c.i.u.g.PublishedGradleVersions - Gradle version information cache is up-to-date. Trying to read.
2019-10-16 19:54:55,871 [Worker-9: Importing Maven projects] INFO  o.e.m.c.i.l.LifecycleMappingFactory - Using org.maven.ide.eclipse.wtp.WarLifecycleMapping lifecycle mapping for MavenProject: com.inbcu.ugo:ugo-web:1.0-SNAPSHOT @ D:\ugo\ugo-master\ugo-web\pom.xml.
2019-10-16 19:55:01,048 [Worker-9: Importing Maven projects] INFO  o.e.m.c.i.p.WorkspaceClassifierResolverManager - Resolving P/ugo-util: com.inbcu.ugo:ugo-util:1.0-SNAPSHOT with classifier  to /ugo-util/target/classes
2019-10-16 19:55:02,276 [Worker-9: Importing Maven projects] INFO  o.e.m.c.i.l.LifecycleMappingFactory - Using org.maven.ide.eclipse.wtp.EarLifecycleMapping lifecycle mapping for MavenProject: com.inbcu.ugo:ugo-ear:1.0-SNAPSHOT @ D:\ugo\ugo-master\ugo-ear\pom.xml.
2019-10-16 19:55:02,292 [Worker-9: Importing Maven projects] INFO  o.e.m.c.i.p.WorkspaceClassifierResolverManager - Resolving P/ugo-web: com.inbcu.ugo:ugo-web:1.0-SNAPSHOT with classifier  to /ugo-web/target/classes
2019-10-16 19:55:02,293 [Worker-9: Importing Maven projects] INFO  o.e.m.c.i.p.WorkspaceClassifierResolverManager - Resolving P/ugo-ejb: com.inbcu.ugo:ugo-ejb:1.0-SNAPSHOT with classifier  to /ugo-ejb/target/classes
2019-10-16 19:55:02,304 [Worker-9: Importing Maven projects] INFO  o.e.m.c.i.p.WorkspaceClassifierResolverManager - Resolving P/ugo-util: com.inbcu.ugo:ugo-util:1.0-SNAPSHOT with classifier  to /ugo-util/target/classes
2019-10-16 19:55:02,390 [Worker-9: Importing Maven projects] INFO  o.e.m.c.i.p.WorkspaceClassifierResolverManager - Resolving P/ugo-business: com.inbcu.ugo:ugo-business:1.0-SNAPSHOT with classifier  to /ugo-business/target/classes
2019-10-16 19:55:02,553 [Worker-9: Importing Maven projects] INFO  o.e.m.c.i.l.LifecycleMappingFactory - Using org.maven.ide.eclipse.wtp.EjbLifecycleMapping lifecycle mapping for MavenProject: com.inbcu.ugo:ugo-ejb:1.0-SNAPSHOT @ D:\ugo\ugo-master\ugo-ejb\pom.xml.
2019-10-16 19:55:02,962 [Worker-9: Importing Maven projects] INFO  o.e.m.c.i.l.LifecycleMappingFactory - Using org.eclipse.m2e.jdt.JarLifecycleMapping lifecycle mapping for MavenProject: com.inbcu.ugo:ugo-util:1.0-SNAPSHOT @ D:\ugo\ugo-master\ugo-util\pom.xml.
2019-10-16 19:55:03,031 [Worker-9: Importing Maven projects] INFO  o.e.m.c.i.l.LifecycleMappingFactory - Using NULL lifecycle mapping for MavenProject: com.inbcu.ugo:ugo-master:1.0-SNAPSHOT @ D:\ugo\ugo-master\pom.xml.
2019-10-16 19:55:03,166 [Worker-9: Importing Maven projects] INFO  o.e.m.c.i.l.LifecycleMappingFactory - Using org.maven.ide.eclipse.wtp.WarLifecycleMapping lifecycle mapping for MavenProject: com.inbcu.ugo:ugo-business:1.0-SNAPSHOT @ D:\ugo\ugo-master\ugo-business\pom.xml.
2019-10-16 19:55:03,230 [Worker-9: Importing Maven projects] INFO  o.e.m.c.i.p.WorkspaceClassifierResolverManager - Resolving P/ugo-util: com.inbcu.ugo:ugo-util:1.0-SNAPSHOT with classifier  to /ugo-util/target/classes
2019-10-16 19:55:03,235 [Worker-9: Importing Maven projects] INFO  o.e.m.c.i.p.WorkspaceClassifierResolverManager - Resolving P/ugo-ejb: com.inbcu.ugo:ugo-ejb:1.0-SNAPSHOT with classifier  to /ugo-ejb/target/classes
2019-10-16 19:55:03,393 [Worker-9: Importing Maven projects] INFO  o.e.m.c.i.l.LifecycleMappingFactory - Using org.maven.ide.eclipse.wtp.EarLifecycleMapping lifecycle mapping for MavenProject: com.inbcu.ugo:ugo-ear:1.0-SNAPSHOT @ D:\ugo\ugo-master\ugo-ear\pom.xml.
2019-10-16 19:55:03,396 [Worker-9: Importing Maven projects] INFO  o.e.m.c.i.p.WorkspaceClassifierResolverManager - Resolving P/ugo-web: com.inbcu.ugo:ugo-web:1.0-SNAPSHOT with classifier  to /ugo-web/target/classes
2019-10-16 19:55:03,396 [Worker-9: Importing Maven projects] INFO  o.e.m.c.i.p.WorkspaceClassifierResolverManager - Resolving P/ugo-ejb: com.inbcu.ugo:ugo-ejb:1.0-SNAPSHOT with classifier  to /ugo-ejb/target/classes
2019-10-16 19:55:03,397 [Worker-9: Importing Maven projects] INFO  o.e.m.c.i.p.WorkspaceClassifierResolverManager - Resolving P/ugo-util: com.inbcu.ugo:ugo-util:1.0-SNAPSHOT with classifier  to /ugo-util/target/classes
2019-10-16 19:55:03,441 [Worker-9: Importing Maven projects] INFO  o.e.m.c.i.p.WorkspaceClassifierResolverManager - Resolving P/ugo-business: com.inbcu.ugo:ugo-business:1.0-SNAPSHOT with classifier  to /ugo-business/target/classes
2019-10-16 19:55:03,572 [Worker-9: Importing Maven projects] INFO  o.e.m.c.i.l.LifecycleMappingFactory - Using org.maven.ide.eclipse.wtp.WarLifecycleMapping lifecycle mapping for MavenProject: com.inbcu.ugo:ugo-web:1.0-SNAPSHOT @ D:\ugo\ugo-master\ugo-web\pom.xml.
2019-10-16 19:55:03,584 [Worker-9: Importing Maven projects] INFO  o.e.m.c.i.p.WorkspaceClassifierResolverManager - Resolving P/ugo-util: com.inbcu.ugo:ugo-util:1.0-SNAPSHOT with classifier  to /ugo-util/target/classes
2019-10-16 19:55:04,673 [Worker-9: Importing Maven projects] INFO  o.e.m.c.i.l.LifecycleMappingFactory - Using org.maven.ide.eclipse.wtp.EjbLifecycleMapping lifecycle mapping for MavenProject: com.inbcu.ugo:ugo-ejb:1.0-SNAPSHOT @ D:\ugo\ugo-master\ugo-ejb\pom.xml.
2019-10-16 19:55:05,018 [Worker-9: Importing Maven projects] INFO  o.e.m.c.i.l.LifecycleMappingFactory - Using org.eclipse.m2e.jdt.JarLifecycleMapping lifecycle mapping for MavenProject: com.inbcu.ugo:ugo-util:1.0-SNAPSHOT @ D:\ugo\ugo-master\ugo-util\pom.xml.
2019-10-16 19:55:05,223 [Worker-9: Importing Maven projects] INFO  o.e.m.c.i.l.LifecycleMappingFactory - Using org.maven.ide.eclipse.wtp.EarLifecycleMapping lifecycle mapping for MavenProject: com.inbcu.ugo:ugo-ear:1.0-SNAPSHOT @ D:\ugo\ugo-master\ugo-ear\pom.xml.
2019-10-16 19:55:05,225 [Worker-9: Importing Maven projects] INFO  o.e.m.c.i.p.WorkspaceClassifierResolverManager - Resolving P/ugo-web: com.inbcu.ugo:ugo-web:1.0-SNAPSHOT with classifier  to /ugo-web/target/classes
2019-10-16 19:55:05,225 [Worker-9: Importing Maven projects] INFO  o.e.m.c.i.p.WorkspaceClassifierResolverManager - Resolving P/ugo-ejb: com.inbcu.ugo:ugo-ejb:1.0-SNAPSHOT with classifier  to /ugo-ejb/target/classes
2019-10-16 19:55:05,226 [Worker-9: Importing Maven projects] INFO  o.e.m.c.i.p.WorkspaceClassifierResolverManager - Resolving P/ugo-util: com.inbcu.ugo:ugo-util:1.0-SNAPSHOT with classifier  to /ugo-util/target/classes
2019-10-16 19:55:05,231 [Worker-9: Importing Maven projects] INFO  o.e.m.c.i.p.WorkspaceClassifierResolverManager - Resolving P/ugo-business: com.inbcu.ugo:ugo-business:1.0-SNAPSHOT with classifier  to /ugo-business/target/classes
2019-10-16 19:55:05,355 [Worker-9: Importing Maven projects] INFO  o.e.m.c.i.l.LifecycleMappingFactory - Using org.maven.ide.eclipse.wtp.WarLifecycleMapping lifecycle mapping for MavenProject: com.inbcu.ugo:ugo-business:1.0-SNAPSHOT @ D:\ugo\ugo-master\ugo-business\pom.xml.
2019-10-16 19:55:05,358 [Worker-9: Importing Maven projects] INFO  o.e.m.c.i.p.WorkspaceClassifierResolverManager - Resolving P/ugo-util: com.inbcu.ugo:ugo-util:1.0-SNAPSHOT with classifier  to /ugo-util/target/classes
2019-10-16 19:55:05,363 [Worker-9: Importing Maven projects] INFO  o.e.m.c.i.p.WorkspaceClassifierResolverManager - Resolving P/ugo-ejb: com.inbcu.ugo:ugo-ejb:1.0-SNAPSHOT with classifier  to /ugo-ejb/target/classes
2019-10-16 19:55:05,575 [Worker-9: Importing Maven projects] INFO  o.e.m.c.i.l.LifecycleMappingFactory - Using org.maven.ide.eclipse.wtp.WarLifecycleMapping lifecycle mapping for MavenProject: com.inbcu.ugo:ugo-web:1.0-SNAPSHOT @ D:\ugo\ugo-master\ugo-web\pom.xml.
2019-10-16 19:55:05,583 [Worker-9: Importing Maven projects] INFO  o.e.m.c.i.p.WorkspaceClassifierResolverManager - Resolving P/ugo-util: com.inbcu.ugo:ugo-util:1.0-SNAPSHOT with classifier  to /ugo-util/target/classes
2019-10-16 19:55:06,190 [Worker-9: Importing Maven projects] INFO  o.e.m.c.i.l.LifecycleMappingFactory - Using org.maven.ide.eclipse.wtp.EarLifecycleMapping lifecycle mapping for MavenProject: com.inbcu.ugo:ugo-ear:1.0-SNAPSHOT @ D:\ugo\ugo-master\ugo-ear\pom.xml.
2019-10-16 19:55:06,192 [Worker-9: Importing Maven projects] INFO  o.e.m.c.i.p.WorkspaceClassifierResolverManager - Resolving P/ugo-web: com.inbcu.ugo:ugo-web:1.0-SNAPSHOT with classifier  to /ugo-web/target/classes
2019-10-16 19:55:06,193 [Worker-9: Importing Maven projects] INFO  o.e.m.c.i.p.WorkspaceClassifierResolverManager - Resolving P/ugo-ejb: com.inbcu.ugo:ugo-ejb:1.0-SNAPSHOT with classifier  to /ugo-ejb/target/classes
2019-10-16 19:55:06,197 [Worker-9: Importing Maven projects] INFO  o.e.m.c.i.p.WorkspaceClassifierResolverManager - Resolving P/ugo-util: com.inbcu.ugo:ugo-util:1.0-SNAPSHOT with classifier  to /ugo-util/target/classes
2019-10-16 19:55:06,220 [Worker-9: Importing Maven projects] INFO  o.e.m.c.i.p.WorkspaceClassifierResolverManager - Resolving P/ugo-business: com.inbcu.ugo:ugo-business:1.0-SNAPSHOT with classifier  to /ugo-business/target/classes
2019-10-16 19:55:08,360 [Worker-9: Importing Maven projects] INFO  o.e.m.c.i.p.WorkspaceClassifierResolverManager - Resolving P/ugo-util: com.inbcu.ugo:ugo-util:1.0-SNAPSHOT with classifier  to /ugo-util/target/classes
2019-10-16 19:55:10,369 [Worker-9: Importing Maven projects] INFO  o.e.m.c.i.p.WorkspaceClassifierResolverManager - Resolving P/ugo-web: com.inbcu.ugo:ugo-web:1.0-SNAPSHOT with classifier  to /ugo-web/target/classes
2019-10-16 19:55:10,370 [Worker-9: Importing Maven projects] INFO  o.e.m.c.i.p.WorkspaceClassifierResolverManager - Resolving P/ugo-ejb: com.inbcu.ugo:ugo-ejb:1.0-SNAPSHOT with classifier  to /ugo-ejb/target/classes
2019-10-16 19:55:10,371 [Worker-9: Importing Maven projects] INFO  o.e.m.c.i.p.WorkspaceClassifierResolverManager - Resolving P/ugo-util: com.inbcu.ugo:ugo-util:1.0-SNAPSHOT with classifier  to /ugo-util/target/classes
2019-10-16 19:55:10,375 [Worker-9: Importing Maven projects] INFO  o.e.m.c.i.p.WorkspaceClassifierResolverManager - Resolving P/ugo-business: com.inbcu.ugo:ugo-business:1.0-SNAPSHOT with classifier  to /ugo-business/target/classes
2019-10-16 19:55:11,270 [Worker-9: Importing Maven projects] INFO  o.e.m.c.i.embedder.EclipseLogger - Generating application.xml
2019-10-16 19:55:16,525 [Worker-9: Importing Maven projects] INFO  o.e.m.j.i.AbstractJavaProjectConfigurator - Adding source folder /ugo-util/src/main/java
2019-10-16 19:55:16,525 [Worker-9: Importing Maven projects] INFO  o.e.m.j.i.AbstractJavaProjectConfigurator - Adding resource folder /ugo-util/src/main/resources
2019-10-16 19:55:16,526 [Worker-9: Importing Maven projects] INFO  o.e.m.j.i.AbstractJavaProjectConfigurator - Adding source folder /ugo-util/src/test/java
2019-10-16 19:55:16,903 [Worker-9: Importing Maven projects] INFO  o.e.m.j.i.AbstractJavaProjectConfigurator - Adding source folder /ugo-web/src/main/java
2019-10-16 19:55:16,904 [Worker-9: Importing Maven projects] INFO  o.e.m.j.i.AbstractJavaProjectConfigurator - Adding resource folder /ugo-web/src/main/resources
2019-10-16 19:55:16,904 [Worker-9: Importing Maven projects] INFO  o.e.m.j.i.AbstractJavaProjectConfigurator - Adding source folder /ugo-web/src/test/java
2019-10-16 19:55:18,912 [Worker-9: Importing Maven projects] INFO  o.e.m.j.i.AbstractJavaProjectConfigurator - Adding source folder /ugo-ejb/src/main/java
2019-10-16 19:55:18,912 [Worker-9: Importing Maven projects] INFO  o.e.m.j.i.AbstractJavaProjectConfigurator - Adding resource folder /ugo-ejb/src/main/resources
2019-10-16 19:55:18,913 [Worker-9: Importing Maven projects] INFO  o.e.m.j.i.AbstractJavaProjectConfigurator - Adding source folder /ugo-ejb/src/test/java
2019-10-16 19:55:19,426 [Worker-9: Importing Maven projects] INFO  o.e.m.j.i.AbstractJavaProjectConfigurator - Adding source folder /ugo-business/src/main/java
2019-10-16 19:55:19,427 [Worker-9: Importing Maven projects] INFO  o.e.m.j.i.AbstractJavaProjectConfigurator - Adding source folder /ugo-business/src/test/java
2019-10-16 19:55:20,073 [Worker-9: Importing Maven projects] INFO  o.e.m.c.i.embedder.EclipseLogger - Generating application.xml
2019-10-16 19:55:20,107 [Worker-9: Importing Maven projects] INFO  o.e.m.c.i.p.ProjectConfigurationManager - Imported and configured 6 project(s) in 29 sec
2019-10-16 19:55:22,762 [Worker-10: Validation] INFO  o.e.m.c.i.p.WorkspaceClassifierResolverManager - Resolving P/ugo-web: com.inbcu.ugo:ugo-web:1.0-SNAPSHOT with classifier  to /ugo-web/target/classes
2019-10-16 19:55:22,762 [Worker-10: Validation] INFO  o.e.m.c.i.p.WorkspaceClassifierResolverManager - Resolving P/ugo-ejb: com.inbcu.ugo:ugo-ejb:1.0-SNAPSHOT with classifier  to /ugo-ejb/target/classes
2019-10-16 19:55:22,763 [Worker-10: Validation] INFO  o.e.m.c.i.p.WorkspaceClassifierResolverManager - Resolving P/ugo-util: com.inbcu.ugo:ugo-util:1.0-SNAPSHOT with classifier  to /ugo-util/target/classes
2019-10-16 19:55:22,767 [Worker-10: Validation] INFO  o.e.m.c.i.p.WorkspaceClassifierResolverManager - Resolving P/ugo-business: com.inbcu.ugo:ugo-business:1.0-SNAPSHOT with classifier  to /ugo-business/target/classes
2019-10-16 19:55:22,792 [Worker-10: Validation] INFO  o.e.m.c.i.embedder.EclipseLogger - Using 'UTF-8' encoding to copy filtered resources.
2019-10-16 19:55:22,792 [Worker-10: Validation] INFO  o.e.m.c.i.embedder.EclipseLogger - skip non existing resourceDirectory D:\ugo\ugo-master\ugo-ear\src\main\resources
2019-10-16 19:55:25,547 [Worker-10: Validation] INFO  o.e.m.c.i.embedder.EclipseLogger - Using 'UTF-8' encoding to copy filtered resources.
2019-10-16 19:55:25,552 [Worker-10: Validation] INFO  o.e.m.c.i.embedder.EclipseLogger - Copying 2 resources
2019-10-16 19:55:25,587 [Worker-10: Validation] INFO  o.e.m.c.i.embedder.EclipseLogger - Using 'UTF-8' encoding to copy filtered resources.
2019-10-16 19:55:25,587 [Worker-10: Validation] INFO  o.e.m.c.i.embedder.EclipseLogger - skip non existing resourceDirectory D:\ugo\ugo-master\ugo-ejb\src\test\resources
2019-10-16 19:55:26,964 [Worker-10: Validation] INFO  o.e.m.c.i.embedder.EclipseLogger - Using 'UTF-8' encoding to copy filtered resources.
2019-10-16 19:55:26,964 [Worker-10: Validation] INFO  o.e.m.c.i.embedder.EclipseLogger - Copying 1 resource
2019-10-16 19:55:26,985 [Worker-10: Validation] INFO  o.e.m.c.i.embedder.EclipseLogger - Using 'UTF-8' encoding to copy filtered resources.
2019-10-16 19:55:26,986 [Worker-10: Validation] INFO  o.e.m.c.i.embedder.EclipseLogger - skip non existing resourceDirectory D:\ugo\ugo-master\ugo-util\src\test\resources
2019-10-16 19:55:29,489 [Worker-10: Validation] INFO  o.e.m.c.i.embedder.EclipseLogger - Using 'UTF-8' encoding to copy filtered resources.
2019-10-16 19:55:29,489 [Worker-10: Validation] INFO  o.e.m.c.i.embedder.EclipseLogger - skip non existing resourceDirectory D:\ugo\ugo-master\ugo-business\src\main\resources
2019-10-16 19:55:29,491 [Worker-10: Validation] INFO  o.e.m.c.i.embedder.EclipseLogger - Using 'UTF-8' encoding to copy filtered resources.
2019-10-16 19:55:29,491 [Worker-10: Validation] INFO  o.e.m.c.i.embedder.EclipseLogger - skip non existing resourceDirectory D:\ugo\ugo-master\ugo-business\src\test\resources
2019-10-16 19:55:34,419 [Worker-10: Validation] INFO  o.e.m.c.i.p.WorkspaceClassifierResolverManager - Resolving P/ugo-util: com.inbcu.ugo:ugo-util:1.0-SNAPSHOT with classifier  to /ugo-util/target/classes
2019-10-16 19:55:34,488 [Worker-10: Validation] INFO  o.e.m.c.i.embedder.EclipseLogger - Using 'UTF-8' encoding to copy filtered resources.
2019-10-16 19:55:34,488 [Worker-10: Validation] INFO  o.e.m.c.i.embedder.EclipseLogger - Copying 1 resource
2019-10-16 19:55:34,508 [Worker-10: Validation] INFO  o.e.m.c.i.embedder.EclipseLogger - Using 'UTF-8' encoding to copy filtered resources.
2019-10-16 19:55:34,508 [Worker-10: Validation] INFO  o.e.m.c.i.embedder.EclipseLogger - skip non existing resourceDirectory D:\ugo\ugo-master\ugo-web\src\test\resources
2019-10-16 19:55:57,204 [Worker-10: Building workspace] INFO  o.e.m.c.i.embedder.EclipseLogger - Using 'UTF-8' encoding to copy filtered resources.
2019-10-16 19:55:57,205 [Worker-10: Building workspace] INFO  o.e.m.c.i.embedder.EclipseLogger - Copying 0 resource
2019-10-16 19:55:57,207 [Worker-10: Building workspace] INFO  o.e.m.c.i.embedder.EclipseLogger - Using 'UTF-8' encoding to copy filtered resources.
2019-10-16 19:55:57,207 [Worker-10: Building workspace] INFO  o.e.m.c.i.embedder.EclipseLogger - skip non existing resourceDirectory D:\ugo\ugo-master\ugo-ejb\src\test\resources
2019-10-16 19:55:57,438 [Worker-10: Building workspace] INFO  o.e.m.c.i.embedder.EclipseLogger - Using 'UTF-8' encoding to copy filtered resources.
2019-10-16 19:55:57,438 [Worker-10: Building workspace] INFO  o.e.m.c.i.embedder.EclipseLogger - Copying 0 resource
2019-10-16 19:55:57,440 [Worker-10: Building workspace] INFO  o.e.m.c.i.embedder.EclipseLogger - Using 'UTF-8' encoding to copy filtered resources.
2019-10-16 19:55:57,440 [Worker-10: Building workspace] INFO  o.e.m.c.i.embedder.EclipseLogger - skip non existing resourceDirectory D:\ugo\ugo-master\ugo-util\src\test\resources
2019-10-16 19:55:57,496 [Worker-10: Building workspace] INFO  o.e.m.c.i.embedder.EclipseLogger - Using 'UTF-8' encoding to copy filtered resources.
2019-10-16 19:55:57,496 [Worker-10: Building workspace] INFO  o.e.m.c.i.embedder.EclipseLogger - skip non existing resourceDirectory D:\ugo\ugo-master\ugo-business\src\main\resources
2019-10-16 19:55:57,497 [Worker-10: Building workspace] INFO  o.e.m.c.i.embedder.EclipseLogger - Using 'UTF-8' encoding to copy filtered resources.
2019-10-16 19:55:57,497 [Worker-10: Building workspace] INFO  o.e.m.c.i.embedder.EclipseLogger - skip non existing resourceDirectory D:\ugo\ugo-master\ugo-business\src\test\resources
2019-10-16 19:55:57,765 [Worker-10: Building workspace] INFO  o.e.m.c.i.embedder.EclipseLogger - Using 'UTF-8' encoding to copy filtered resources.
2019-10-16 19:55:57,766 [Worker-10: Building workspace] INFO  o.e.m.c.i.embedder.EclipseLogger - Copying 0 resource
2019-10-16 19:55:57,767 [Worker-10: Building workspace] INFO  o.e.m.c.i.embedder.EclipseLogger - Using 'UTF-8' encoding to copy filtered resources.
2019-10-16 19:55:57,767 [Worker-10: Building workspace] INFO  o.e.m.c.i.embedder.EclipseLogger - skip non existing resourceDirectory D:\ugo\ugo-master\ugo-web\src\test\resources
2019-10-16 19:56:13,958 [Worker-2: Validation] INFO  o.e.m.c.i.p.WorkspaceClassifierResolverManager - Resolving P/ugo-web: com.inbcu.ugo:ugo-web:1.0-SNAPSHOT with classifier  to /ugo-web/target/classes
2019-10-16 19:56:13,959 [Worker-2: Validation] INFO  o.e.m.c.i.p.WorkspaceClassifierResolverManager - Resolving P/ugo-ejb: com.inbcu.ugo:ugo-ejb:1.0-SNAPSHOT with classifier  to /ugo-ejb/target/classes
2019-10-16 19:56:13,963 [Worker-2: Validation] INFO  o.e.m.c.i.p.WorkspaceClassifierResolverManager - Resolving P/ugo-util: com.inbcu.ugo:ugo-util:1.0-SNAPSHOT with classifier  to /ugo-util/target/classes
2019-10-16 19:56:13,989 [Worker-2: Validation] INFO  o.e.m.c.i.p.WorkspaceClassifierResolverManager - Resolving P/ugo-business: com.inbcu.ugo:ugo-business:1.0-SNAPSHOT with classifier  to /ugo-business/target/classes
2019-10-16 19:56:13,995 [Worker-2: Validation] INFO  o.e.m.c.i.embedder.EclipseLogger - Using 'UTF-8' encoding to copy filtered resources.
2019-10-16 19:56:13,995 [Worker-2: Validation] INFO  o.e.m.c.i.embedder.EclipseLogger - skip non existing resourceDirectory D:\ugo\ugo-master\ugo-ear\src\main\resources
2019-10-16 19:56:17,232 [Worker-2: Validation] INFO  o.e.m.c.i.embedder.EclipseLogger - Using 'UTF-8' encoding to copy filtered resources.
2019-10-16 19:56:17,233 [Worker-2: Validation] INFO  o.e.m.c.i.embedder.EclipseLogger - Copying 2 resources
2019-10-16 19:56:17,258 [Worker-2: Validation] INFO  o.e.m.c.i.embedder.EclipseLogger - Using 'UTF-8' encoding to copy filtered resources.
2019-10-16 19:56:17,259 [Worker-2: Validation] INFO  o.e.m.c.i.embedder.EclipseLogger - skip non existing resourceDirectory D:\ugo\ugo-master\ugo-ejb\src\test\resources
2019-10-16 19:56:18,419 [Worker-2: Validation] INFO  o.e.m.c.i.embedder.EclipseLogger - Using 'UTF-8' encoding to copy filtered resources.
2019-10-16 19:56:18,420 [Worker-2: Validation] INFO  o.e.m.c.i.embedder.EclipseLogger - Copying 1 resource
2019-10-16 19:56:18,441 [Worker-2: Validation] INFO  o.e.m.c.i.embedder.EclipseLogger - Using 'UTF-8' encoding to copy filtered resources.
2019-10-16 19:56:18,441 [Worker-2: Validation] INFO  o.e.m.c.i.embedder.EclipseLogger - skip non existing resourceDirectory D:\ugo\ugo-master\ugo-util\src\test\resources
2019-10-16 19:56:20,028 [Worker-2: Validation] INFO  o.e.m.c.i.embedder.EclipseLogger - Using 'UTF-8' encoding to copy filtered resources.
2019-10-16 19:56:20,029 [Worker-2: Validation] INFO  o.e.m.c.i.embedder.EclipseLogger - skip non existing resourceDirectory D:\ugo\ugo-master\ugo-business\src\main\resources
2019-10-16 19:56:20,030 [Worker-2: Validation] INFO  o.e.m.c.i.embedder.EclipseLogger - Using 'UTF-8' encoding to copy filtered resources.
2019-10-16 19:56:20,030 [Worker-2: Validation] INFO  o.e.m.c.i.embedder.EclipseLogger - skip non existing resourceDirectory D:\ugo\ugo-master\ugo-business\src\test\resources
2019-10-16 19:56:24,208 [Worker-2: Validation] INFO  o.e.m.c.i.p.WorkspaceClassifierResolverManager - Resolving P/ugo-util: com.inbcu.ugo:ugo-util:1.0-SNAPSHOT with classifier  to /ugo-util/target/classes
2019-10-16 19:56:24,484 [Worker-2: Validation] INFO  o.e.m.c.i.embedder.EclipseLogger - Using 'UTF-8' encoding to copy filtered resources.
2019-10-16 19:56:24,485 [Worker-2: Validation] INFO  o.e.m.c.i.embedder.EclipseLogger - Copying 1 resource
2019-10-16 19:56:24,505 [Worker-2: Validation] INFO  o.e.m.c.i.embedder.EclipseLogger - Using 'UTF-8' encoding to copy filtered resources.
2019-10-16 19:56:24,505 [Worker-2: Validation] INFO  o.e.m.c.i.embedder.EclipseLogger - skip non existing resourceDirectory D:\ugo\ugo-master\ugo-web\src\test\resources
2019-10-24 15:36:33,396 [Worker-1: Loading available Gradle versions] INFO  o.e.b.c.i.u.g.PublishedGradleVersions - Gradle version information cache is up-to-date. Trying to read.
2019-10-24 15:36:50,164 [Worker-6: Building workspace] INFO  o.e.m.c.i.embedder.EclipseLogger - Using 'UTF-8' encoding to copy filtered resources.
2019-10-24 15:36:50,176 [Worker-6: Building workspace] INFO  o.e.m.c.i.embedder.EclipseLogger - Copying 1 resource
2019-10-24 15:36:50,189 [Worker-6: Building workspace] INFO  o.e.m.c.i.embedder.EclipseLogger - Using 'UTF-8' encoding to copy filtered resources.
2019-10-24 15:36:50,189 [Worker-6: Building workspace] INFO  o.e.m.c.i.embedder.EclipseLogger - skip non existing resourceDirectory D:\ugo\ugo-master\ugo-util\src\test\resources
2019-10-24 15:36:52,273 [Worker-6: Building workspace] INFO  o.e.m.c.i.embedder.EclipseLogger - Using 'UTF-8' encoding to copy filtered resources.
2019-10-24 15:36:52,273 [Worker-6: Building workspace] INFO  o.e.m.c.i.embedder.EclipseLogger - skip non existing resourceDirectory D:\ugo\ugo-master\ugo-business\src\main\resources
2019-10-24 15:36:52,275 [Worker-6: Building workspace] INFO  o.e.m.c.i.embedder.EclipseLogger - Using 'UTF-8' encoding to copy filtered resources.
2019-10-24 15:36:52,275 [Worker-6: Building workspace] INFO  o.e.m.c.i.embedder.EclipseLogger - skip non existing resourceDirectory D:\ugo\ugo-master\ugo-business\src\test\resources
2019-10-24 15:37:00,873 [Worker-6: Building workspace] INFO  o.e.m.c.i.p.WorkspaceClassifierResolverManager - Resolving P/ugo-util: com.inbcu.ugo:ugo-util:1.0-SNAPSHOT with classifier  to /ugo-util/target/classes
2019-10-24 15:37:01,936 [Worker-6: Building workspace] INFO  o.e.m.c.i.embedder.EclipseLogger - Using 'UTF-8' encoding to copy filtered resources.
2019-10-24 15:37:01,937 [Worker-6: Building workspace] INFO  o.e.m.c.i.embedder.EclipseLogger - Copying 1 resource
2019-10-24 15:37:01,945 [Worker-6: Building workspace] INFO  o.e.m.c.i.embedder.EclipseLogger - Using 'UTF-8' encoding to copy filtered resources.
2019-10-24 15:37:01,945 [Worker-6: Building workspace] INFO  o.e.m.c.i.embedder.EclipseLogger - skip non existing resourceDirectory D:\ugo\ugo-master\ugo-web\src\test\resources
2019-10-24 15:37:35,569 [Worker-5: Loading available Gradle versions] INFO  o.e.b.c.i.u.g.PublishedGradleVersions - Gradle version information cache is up-to-date. Trying to read.
2019-12-02 13:56:37,157 [Worker-1: Loading available Gradle versions] INFO  o.e.b.c.i.u.g.PublishedGradleVersions - Gradle version information cache is out-of-date. Trying to update.
2019-12-06 12:12:05,856 [Worker-1: Loading available Gradle versions] INFO  o.e.b.c.i.u.g.PublishedGradleVersions - Gradle version information cache is out-of-date. Trying to update.
2019-12-09 13:36:29,195 [Worker-3: Loading available Gradle versions] INFO  o.e.b.c.i.u.g.PublishedGradleVersions - Gradle version information cache is out-of-date. Trying to update.
2019-12-09 13:47:10,513 [Worker-1: Loading available Gradle versions] INFO  o.e.b.c.i.u.g.PublishedGradleVersions - Gradle version information cache is up-to-date. Trying to read.
2019-12-19 11:52:20,680 [Worker-2: Loading available Gradle versions] INFO  o.e.b.c.i.u.g.PublishedGradleVersions - Gradle version information cache is out-of-date. Trying to update.
2019-12-24 11:42:35,595 [Worker-6: Loading available Gradle versions] INFO  o.e.b.c.i.u.g.PublishedGradleVersions - Gradle version information cache is out-of-date. Trying to update.
2019-12-27 14:23:05,540 [Worker-3: Loading available Gradle versions] INFO  o.e.b.c.i.u.g.PublishedGradleVersions - Gradle version information cache is out-of-date. Trying to update.
2019-12-30 11:02:05,039 [Worker-1: Loading available Gradle versions] INFO  o.e.b.c.i.u.g.PublishedGradleVersions - Gradle version information cache is out-of-date. Trying to update.
2020-01-03 10:47:55,001 [Worker-6: Loading available Gradle versions] INFO  o.e.b.c.i.u.g.PublishedGradleVersions - Gradle version information cache is out-of-date. Trying to update.
2020-01-03 10:48:11,329 [Worker-6: Loading available Gradle versions] INFO  o.e.b.c.i.u.g.PublishedGradleVersions - Updating Gradle version information cache failed. Using outdated cache.
2020-01-03 12:02:36,450 [Worker-5: Loading available Gradle versions] INFO  o.e.b.c.i.u.g.PublishedGradleVersions - Gradle version information cache is out-of-date. Trying to update.
2020-01-07 12:21:40,149 [Worker-5: Loading available Gradle versions] INFO  o.e.b.c.i.u.g.PublishedGradleVersions - Gradle version information cache is out-of-date. Trying to update.
2020-01-13 12:30:25,232 [Worker-1: Loading available Gradle versions] INFO  o.e.b.c.i.u.g.PublishedGradleVersions - Gradle version information cache is out-of-date. Trying to update.
2020-02-27 12:37:11,037 [Worker-3: Loading available Gradle versions] INFO  o.e.b.c.i.u.g.PublishedGradleVersions - Gradle version information cache is out-of-date. Trying to update.
2020-03-12 14:30:20,327 [Worker-3: Loading available Gradle versions] INFO  o.e.b.c.i.u.g.PublishedGradleVersions - Gradle version information cache is out-of-date. Trying to update.
2020-03-16 13:05:25,272 [Worker-0: Loading available Gradle versions] INFO  o.e.b.c.i.u.g.PublishedGradleVersions - Gradle version information cache is out-of-date. Trying to update.
2020-04-07 12:54:17,213 [Worker-3: Loading available Gradle versions] INFO  o.e.b.c.i.u.g.PublishedGradleVersions - Gradle version information cache is out-of-date. Trying to update.
2020-04-16 12:54:45,619 [Worker-0: Loading available Gradle versions] INFO  o.e.b.c.i.u.g.PublishedGradleVersions - Gradle version information cache is out-of-date. Trying to update.
2020-04-28 10:55:58,452 [Worker-1: Loading available Gradle versions] INFO  o.e.b.c.i.u.g.PublishedGradleVersions - Gradle version information cache is up-to-date. Trying to read.
2020-04-28 18:15:41,386 [Worker-2: Loading available Gradle versions] INFO  o.e.b.c.i.u.g.PublishedGradleVersions - Gradle version information cache is up-to-date. Trying to read.
2020-05-02 11:16:20,770 [Worker-1: Loading available Gradle versions] INFO  o.e.b.c.i.u.g.PublishedGradleVersions - Gradle version information cache is out-of-date. Trying to update.
2020-05-17 13:12:35,675 [Worker-2: Loading available Gradle versions] INFO  o.e.b.c.i.u.g.PublishedGradleVersions - Gradle version information cache is out-of-date. Trying to update.
2020-05-18 11:40:12,991 [Worker-4: Loading available Gradle versions] INFO  o.e.b.c.i.u.g.PublishedGradleVersions - Gradle version information cache is up-to-date. Trying to read.
2020-05-20 09:48:49,647 [Worker-7: Loading available Gradle versions] INFO  o.e.b.c.i.u.g.PublishedGradleVersions - Gradle version information cache is out-of-date. Trying to update.
2020-05-20 09:48:52,599 [Worker-7: Loading available Gradle versions] INFO  o.e.b.c.i.u.g.PublishedGradleVersions - Updating Gradle version information cache failed. Using outdated cache.
2020-05-25 13:38:28,226 [Worker-2: Loading available Gradle versions] INFO  o.e.b.c.i.u.g.PublishedGradleVersions - Gradle version information cache is up-to-date. Trying to read.
2020-05-25 16:05:56,755 [Worker-4: Loading available Gradle versions] INFO  o.e.b.c.i.u.g.PublishedGradleVersions - Gradle version information cache is up-to-date. Trying to read.
2020-05-25 16:22:17,502 [Worker-8: Auto share git projects] WARN  org.eclipse.jgit.util.FS - C:\Program Files\Git\mingw64\etc\.probe-06703936-bb89-4d73-a074-6c25702faa68
java.nio.file.AccessDeniedException: C:\Program Files\Git\mingw64\etc\.probe-06703936-bb89-4d73-a074-6c25702faa68
	at sun.nio.fs.WindowsException.translateToIOException(Unknown Source) ~[na:1.8.0_191]
	at sun.nio.fs.WindowsException.rethrowAsIOException(Unknown Source) ~[na:1.8.0_191]
	at sun.nio.fs.WindowsException.rethrowAsIOException(Unknown Source) ~[na:1.8.0_191]
	at sun.nio.fs.WindowsFileSystemProvider.newByteChannel(Unknown Source) ~[na:1.8.0_191]
	at java.nio.file.Files.newByteChannel(Unknown Source) ~[na:1.8.0_191]
	at java.nio.file.Files.createFile(Unknown Source) ~[na:1.8.0_191]
	at org.eclipse.jgit.util.FS$FileStoreAttributeCache.<init>(FS.java:234) ~[org.eclipse.jgit_5.4.0.201906121030-r.jar:5.4.0.201906121030-r]
	at org.eclipse.jgit.util.FS$FileStoreAttributeCache.getFsTimestampResolution(FS.java:211) ~[org.eclipse.jgit_5.4.0.201906121030-r.jar:5.4.0.201906121030-r]
	at org.eclipse.jgit.util.FS.getFsTimerResolution(FS.java:321) [org.eclipse.jgit_5.4.0.201906121030-r.jar:5.4.0.201906121030-r]
	at org.eclipse.jgit.internal.storage.file.FileSnapshot.<init>(FileSnapshot.java:186) [org.eclipse.jgit_5.4.0.201906121030-r.jar:5.4.0.201906121030-r]
	at org.eclipse.jgit.internal.storage.file.FileSnapshot.save(FileSnapshot.java:122) [org.eclipse.jgit_5.4.0.201906121030-r.jar:5.4.0.201906121030-r]
	at org.eclipse.jgit.storage.file.FileBasedConfig.load(FileBasedConfig.java:156) [org.eclipse.jgit_5.4.0.201906121030-r.jar:5.4.0.201906121030-r]
	at org.eclipse.jgit.internal.storage.file.FileRepository.loadSystemConfig(FileRepository.java:245) [org.eclipse.jgit_5.4.0.201906121030-r.jar:5.4.0.201906121030-r]
	at org.eclipse.jgit.internal.storage.file.FileRepository.<init>(FileRepository.java:203) [org.eclipse.jgit_5.4.0.201906121030-r.jar:5.4.0.201906121030-r]
	at org.eclipse.jgit.storage.file.FileRepositoryBuilder.build(FileRepositoryBuilder.java:88) [org.eclipse.jgit_5.4.0.201906121030-r.jar:5.4.0.201906121030-r]
	at org.eclipse.jgit.storage.file.FileRepositoryBuilder.create(FileRepositoryBuilder.java:108) [org.eclipse.jgit_5.4.0.201906121030-r.jar:5.4.0.201906121030-r]
	at org.eclipse.egit.core.RepositoryCache.lookupRepository(RepositoryCache.java:58) [org.eclipse.egit.core_5.4.0.201906121030-r.jar:na]
	at org.eclipse.egit.core.project.GitProjectData.map(GitProjectData.java:693) [org.eclipse.egit.core_5.4.0.201906121030-r.jar:na]
	at org.eclipse.egit.core.project.GitProjectData.remapAll(GitProjectData.java:651) [org.eclipse.egit.core_5.4.0.201906121030-r.jar:na]
	at org.eclipse.egit.core.project.GitProjectData.setRepositoryMappings(GitProjectData.java:465) [org.eclipse.egit.core_5.4.0.201906121030-r.jar:na]
	at org.eclipse.egit.core.op.ConnectProviderOperation.connectProject(ConnectProviderOperation.java:153) [org.eclipse.egit.core_5.4.0.201906121030-r.jar:na]
	at org.eclipse.egit.core.op.ConnectProviderOperation.execute(ConnectProviderOperation.java:111) [org.eclipse.egit.core_5.4.0.201906121030-r.jar:na]
	at org.eclipse.egit.core.internal.job.JobUtil$1.run(JobUtil.java:55) [org.eclipse.egit.core_5.4.0.201906121030-r.jar:na]
	at org.eclipse.core.internal.jobs.Worker.run(Worker.java:63) [org.eclipse.core.jobs_3.10.400.v20190506-1457.jar:na]
2020-05-29 20:18:51,153 [Worker-2: Loading available Gradle versions] INFO  o.e.b.c.i.u.g.PublishedGradleVersions - Gradle version information cache is out-of-date. Trying to update.
2020-05-29 20:18:58,935 [Worker-3: Decoration Calculation] WARN  org.eclipse.jgit.util.FS - C:\Program Files\Git\mingw64\etc\.probe-d57b2734-f9d8-4608-8238-63a14e8ac655
java.nio.file.AccessDeniedException: C:\Program Files\Git\mingw64\etc\.probe-d57b2734-f9d8-4608-8238-63a14e8ac655
	at sun.nio.fs.WindowsException.translateToIOException(Unknown Source) ~[na:1.8.0_191]
	at sun.nio.fs.WindowsException.rethrowAsIOException(Unknown Source) ~[na:1.8.0_191]
	at sun.nio.fs.WindowsException.rethrowAsIOException(Unknown Source) ~[na:1.8.0_191]
	at sun.nio.fs.WindowsFileSystemProvider.newByteChannel(Unknown Source) ~[na:1.8.0_191]
	at java.nio.file.Files.newByteChannel(Unknown Source) ~[na:1.8.0_191]
	at java.nio.file.Files.createFile(Unknown Source) ~[na:1.8.0_191]
	at org.eclipse.jgit.util.FS$FileStoreAttributeCache.<init>(FS.java:234) ~[org.eclipse.jgit_5.4.0.201906121030-r.jar:5.4.0.201906121030-r]
	at org.eclipse.jgit.util.FS$FileStoreAttributeCache.getFsTimestampResolution(FS.java:211) ~[org.eclipse.jgit_5.4.0.201906121030-r.jar:5.4.0.201906121030-r]
	at org.eclipse.jgit.util.FS.getFsTimerResolution(FS.java:321) [org.eclipse.jgit_5.4.0.201906121030-r.jar:5.4.0.201906121030-r]
	at org.eclipse.jgit.internal.storage.file.FileSnapshot.<init>(FileSnapshot.java:186) [org.eclipse.jgit_5.4.0.201906121030-r.jar:5.4.0.201906121030-r]
	at org.eclipse.jgit.internal.storage.file.FileSnapshot.save(FileSnapshot.java:122) [org.eclipse.jgit_5.4.0.201906121030-r.jar:5.4.0.201906121030-r]
	at org.eclipse.jgit.storage.file.FileBasedConfig.load(FileBasedConfig.java:156) [org.eclipse.jgit_5.4.0.201906121030-r.jar:5.4.0.201906121030-r]
	at org.eclipse.jgit.internal.storage.file.FileRepository.loadSystemConfig(FileRepository.java:245) [org.eclipse.jgit_5.4.0.201906121030-r.jar:5.4.0.201906121030-r]
	at org.eclipse.jgit.internal.storage.file.FileRepository.<init>(FileRepository.java:203) [org.eclipse.jgit_5.4.0.201906121030-r.jar:5.4.0.201906121030-r]
	at org.eclipse.jgit.storage.file.FileRepositoryBuilder.build(FileRepositoryBuilder.java:88) [org.eclipse.jgit_5.4.0.201906121030-r.jar:5.4.0.201906121030-r]
	at org.eclipse.jgit.storage.file.FileRepositoryBuilder.create(FileRepositoryBuilder.java:108) [org.eclipse.jgit_5.4.0.201906121030-r.jar:5.4.0.201906121030-r]
	at org.eclipse.egit.core.RepositoryCache.lookupRepository(RepositoryCache.java:58) [org.eclipse.egit.core_5.4.0.201906121030-r.jar:na]
	at org.eclipse.egit.core.project.GitProjectData.map(GitProjectData.java:693) [org.eclipse.egit.core_5.4.0.201906121030-r.jar:na]
	at org.eclipse.egit.core.project.GitProjectData.remapAll(GitProjectData.java:651) [org.eclipse.egit.core_5.4.0.201906121030-r.jar:na]
	at org.eclipse.egit.core.project.GitProjectData.load(GitProjectData.java:634) [org.eclipse.egit.core_5.4.0.201906121030-r.jar:na]
	at org.eclipse.egit.core.project.GitProjectData.get(GitProjectData.java:220) [org.eclipse.egit.core_5.4.0.201906121030-r.jar:na]
	at org.eclipse.egit.core.GitProvider.getData(GitProvider.java:108) [org.eclipse.egit.core_5.4.0.201906121030-r.jar:na]
	at org.eclipse.egit.core.project.RepositoryMapping.getProjectData(RepositoryMapping.java:340) [org.eclipse.egit.core_5.4.0.201906121030-r.jar:na]
	at org.eclipse.egit.core.project.RepositoryMapping.findMapping(RepositoryMapping.java:356) [org.eclipse.egit.core_5.4.0.201906121030-r.jar:na]
	at org.eclipse.egit.core.project.RepositoryMapping.getMapping(RepositoryMapping.java:296) [org.eclipse.egit.core_5.4.0.201906121030-r.jar:na]
	at org.eclipse.egit.core.internal.util.ResourceUtil.getRepository(ResourceUtil.java:712) [org.eclipse.egit.core_5.4.0.201906121030-r.jar:na]
	at org.eclipse.egit.ui.internal.resources.ResourceStateFactory.getIndexDiffDataOrNull(ResourceStateFactory.java:103) [org.eclipse.egit.ui_5.4.0.201906121030-r.jar:na]
	at org.eclipse.egit.ui.internal.decorators.GitLightweightDecorator.decorateResource(GitLightweightDecorator.java:224) [org.eclipse.egit.ui_5.4.0.201906121030-r.jar:na]
	at org.eclipse.egit.ui.internal.decorators.GitLightweightDecorator.decorate(GitLightweightDecorator.java:201) [org.eclipse.egit.ui_5.4.0.201906121030-r.jar:na]
	at org.eclipse.ui.internal.decorators.LightweightDecoratorDefinition.decorate(LightweightDecoratorDefinition.java:247) [org.eclipse.ui.workbench_3.115.0.v20190521-1602.jar:na]
	at org.eclipse.ui.internal.decorators.LightweightDecoratorManager$LightweightRunnable.run(LightweightDecoratorManager.java:105) [org.eclipse.ui.workbench_3.115.0.v20190521-1602.jar:na]
	at org.eclipse.core.runtime.SafeRunner.run(SafeRunner.java:45) [org.eclipse.equinox.common_3.10.400.v20190516-1504.jar:na]
	at org.eclipse.ui.internal.decorators.LightweightDecoratorManager.decorate(LightweightDecoratorManager.java:360) [org.eclipse.ui.workbench_3.115.0.v20190521-1602.jar:na]
	at org.eclipse.ui.internal.decorators.LightweightDecoratorManager.getDecorations(LightweightDecoratorManager.java:346) [org.eclipse.ui.workbench_3.115.0.v20190521-1602.jar:na]
	at org.eclipse.ui.internal.decorators.DecorationScheduler$1.ensureResultCached(DecorationScheduler.java:333) [org.eclipse.ui.workbench_3.115.0.v20190521-1602.jar:na]
	at org.eclipse.ui.internal.decorators.DecorationScheduler$1.run(DecorationScheduler.java:300) [org.eclipse.ui.workbench_3.115.0.v20190521-1602.jar:na]
	at org.eclipse.core.internal.jobs.Worker.run(Worker.java:63) [org.eclipse.core.jobs_3.10.400.v20190506-1457.jar:na]
